This is pdfTeX, Version 3.14159265-2.6-1.40.16 (MiKTeX 2.9) (preloaded format=pdflatex 2016.2.20)  25 FEB 2016 10:13
entering extended mode
**./document.tex
(document.tex
LaTeX2e <2015/10/01> patch level 2
Babel <3.9n> and hyphenation patterns for 69 languages loaded.
("C:\Users\whmei\AppData\Local\Programs\MiKTeX 2.9\tex\latex\base\report.cls"
Document Class: report 2014/09/29 v1.4h Standard LaTeX document class
("C:\Users\whmei\AppData\Local\Programs\MiKTeX 2.9\tex\latex\base\size12.clo"
File: size12.clo 2014/09/29 v1.4h Standard LaTeX file (size option)
)
\c@part=\count79
\c@chapter=\count80
\c@section=\count81
\c@subsection=\count82
\c@subsubsection=\count83
\c@paragraph=\count84
\c@subparagraph=\count85
\c@figure=\count86
\c@table=\count87
\abovecaptionskip=\skip41
\belowcaptionskip=\skip42
\bibindent=\dimen102
)
\@indexfile=\write3
\openout3 = `document.idx'.

Writing index file document.idx

("C:\Users\whmei\AppData\Local\Programs\MiKTeX 2.9\tex\latex\tools\longtable.st
y"
Package: longtable 2014/10/28 v4.11 Multi-page Table package (DPC)
\LTleft=\skip43
\LTright=\skip44
\LTpre=\skip45
\LTpost=\skip46
\LTchunksize=\count88
\LTcapwidth=\dimen103
\LT@head=\box26
\LT@firsthead=\box27
\LT@foot=\box28
\LT@lastfoot=\box29
\LT@cols=\count89
\LT@rows=\count90
\c@LT@tables=\count91
\c@LT@chunks=\count92
\LT@p@ftn=\toks14
)
("C:\Users\whmei\AppData\Local\Programs\MiKTeX 2.9\tex\latex\graphics\graphicx.
sty"
Package: graphicx 2014/10/28 v1.0g Enhanced LaTeX Graphics (DPC,SPQR)

("C:\Users\whmei\AppData\Local\Programs\MiKTeX 2.9\tex\latex\graphics\keyval.st
y"
Package: keyval 2014/10/28 v1.15 key=value parser (DPC)
\KV@toks@=\toks15
)
("C:\Users\whmei\AppData\Local\Programs\MiKTeX 2.9\tex\latex\graphics\graphics.
sty"
Package: graphics 2014/10/28 v1.0p Standard LaTeX Graphics (DPC,SPQR)

("C:\Users\whmei\AppData\Local\Programs\MiKTeX 2.9\tex\latex\graphics\trig.sty"
Package: trig 1999/03/16 v1.09 sin cos tan (DPC)
)
("C:\Users\whmei\AppData\Local\Programs\MiKTeX 2.9\tex\latex\00miktex\graphics.
cfg"
File: graphics.cfg 2007/01/18 v1.5 graphics configuration of teTeX/TeXLive
)
Package graphics Info: Driver file: pdftex.def on input line 94.

("C:\Users\whmei\AppData\Local\Programs\MiKTeX 2.9\tex\latex\pdftex-def\pdftex.
def"
File: pdftex.def 2011/05/27 v0.06d Graphics/color for pdfTeX

("C:\Users\whmei\AppData\Local\Programs\MiKTeX 2.9\tex\generic\oberdiek\infware
rr.sty"
Package: infwarerr 2010/04/08 v1.3 Providing info/warning/error messages (HO)
)
("C:\Users\whmei\AppData\Local\Programs\MiKTeX 2.9\tex\generic\oberdiek\ltxcmds
.sty"
Package: ltxcmds 2011/11/09 v1.22 LaTeX kernel commands for general use (HO)
)
\Gread@gobject=\count93
))
\Gin@req@height=\dimen104
\Gin@req@width=\dimen105
)
("C:\Users\whmei\AppData\Local\Programs\MiKTeX 2.9\tex\latex\base\makeidx.sty"
Package: makeidx 2014/09/29 v1.0m Standard LaTeX package
)
("C:\Users\whmei\AppData\Local\Programs\MiKTeX 2.9\tex\latex\hyperref\hyperref.
sty"
Package: hyperref 2012/11/06 v6.83m Hypertext links for LaTeX

("C:\Users\whmei\AppData\Local\Programs\MiKTeX 2.9\tex\generic\oberdiek\hobsub-
hyperref.sty"
Package: hobsub-hyperref 2012/04/25 v1.12 Bundle oberdiek, subset hyperref (HO)


("C:\Users\whmei\AppData\Local\Programs\MiKTeX 2.9\tex\generic\oberdiek\hobsub-
generic.sty"
Package: hobsub-generic 2012/04/25 v1.12 Bundle oberdiek, subset generic (HO)
Package: hobsub 2012/04/25 v1.12 Construct package bundles (HO)
Package hobsub Info: Skipping package `infwarerr' (already loaded).
Package hobsub Info: Skipping package `ltxcmds' (already loaded).
Package: ifluatex 2010/03/01 v1.3 Provides the ifluatex switch (HO)
Package ifluatex Info: LuaTeX not detected.
Package: ifvtex 2010/03/01 v1.5 Detect VTeX and its facilities (HO)
Package ifvtex Info: VTeX not detected.
Package: intcalc 2007/09/27 v1.1 Expandable calculations with integers (HO)
Package: ifpdf 2011/01/30 v2.3 Provides the ifpdf switch (HO)
Package ifpdf Info: pdfTeX in PDF mode is detected.
Package: etexcmds 2011/02/16 v1.5 Avoid name clashes with e-TeX commands (HO)
Package etexcmds Info: Could not find \expanded.
(etexcmds)             That can mean that you are not using pdfTeX 1.50 or
(etexcmds)             that some package has redefined \expanded.
(etexcmds)             In the latter case, load this package earlier.
Package: kvsetkeys 2012/04/25 v1.16 Key value parser (HO)
Package: kvdefinekeys 2011/04/07 v1.3 Define keys (HO)
Package: pdftexcmds 2011/11/29 v0.20 Utility functions of pdfTeX for LuaTeX (HO
)
Package pdftexcmds Info: LuaTeX not detected.
Package pdftexcmds Info: \pdf@primitive is available.
Package pdftexcmds Info: \pdf@ifprimitive is available.
Package pdftexcmds Info: \pdfdraftmode found.
Package: pdfescape 2011/11/25 v1.13 Implements pdfTeX's escape features (HO)
Package: bigintcalc 2012/04/08 v1.3 Expandable calculations on big integers (HO
)
Package: bitset 2011/01/30 v1.1 Handle bit-vector datatype (HO)
Package: uniquecounter 2011/01/30 v1.2 Provide unlimited unique counter (HO)
)
Package hobsub Info: Skipping package `hobsub' (already loaded).
Package: letltxmacro 2010/09/02 v1.4 Let assignment for LaTeX macros (HO)
Package: hopatch 2011/06/24 v1.1 Wrapper for package hooks (HO)
Package: xcolor-patch 2011/01/30 xcolor patch
Package: atveryend 2011/06/30 v1.8 Hooks at the very end of document (HO)
Package atveryend Info: \enddocument detected (standard20110627).
Package: atbegshi 2011/10/05 v1.16 At begin shipout hook (HO)
Package: refcount 2011/10/16 v3.4 Data extraction from label references (HO)
Package: hycolor 2011/01/30 v1.7 Color options for hyperref/bookmark (HO)
)
("C:\Users\whmei\AppData\Local\Programs\MiKTeX 2.9\tex\generic\ifxetex\ifxetex.
sty"
Package: ifxetex 2010/09/12 v0.6 Provides ifxetex conditional
)
("C:\Users\whmei\AppData\Local\Programs\MiKTeX 2.9\tex\latex\oberdiek\auxhook.s
ty"
Package: auxhook 2011/03/04 v1.3 Hooks for auxiliary files (HO)
)
("C:\Users\whmei\AppData\Local\Programs\MiKTeX 2.9\tex\latex\oberdiek\kvoptions
.sty"
Package: kvoptions 2011/06/30 v3.11 Key value format for package options (HO)
)
\@linkdim=\dimen106
\Hy@linkcounter=\count94
\Hy@pagecounter=\count95

("C:\Users\whmei\AppData\Local\Programs\MiKTeX 2.9\tex\latex\hyperref\pd1enc.de
f"
File: pd1enc.def 2012/11/06 v6.83m Hyperref: PDFDocEncoding definition (HO)
)
\Hy@SavedSpaceFactor=\count96

("C:\Users\whmei\AppData\Local\Programs\MiKTeX 2.9\tex\latex\00miktex\hyperref.
cfg"
File: hyperref.cfg 2002/06/06 v1.2 hyperref configuration of TeXLive
)
Package hyperref Info: Hyper figures OFF on input line 4443.
Package hyperref Info: Link nesting OFF on input line 4448.
Package hyperref Info: Hyper index ON on input line 4451.
Package hyperref Info: Plain pages OFF on input line 4458.
Package hyperref Info: Backreferencing OFF on input line 4463.
Package hyperref Info: Implicit mode ON; LaTeX internals redefined.
Package hyperref Info: Bookmarks ON on input line 4688.
\c@Hy@tempcnt=\count97
 ("C:\Users\whmei\AppData\Local\Programs\MiKTeX 2.9\tex\latex\url\url.sty"
\Urlmuskip=\muskip10
Package: url 2013/09/16  ver 3.4  Verb mode for urls, etc.
)
LaTeX Info: Redefining \url on input line 5041.
\XeTeXLinkMargin=\dimen107
\Fld@menulength=\count98
\Field@Width=\dimen108
\Fld@charsize=\dimen109
Package hyperref Info: Hyper figures OFF on input line 6295.
Package hyperref Info: Link nesting OFF on input line 6300.
Package hyperref Info: Hyper index ON on input line 6303.
Package hyperref Info: backreferencing OFF on input line 6310.
Package hyperref Info: Link coloring OFF on input line 6315.
Package hyperref Info: Link coloring with OCG OFF on input line 6320.
Package hyperref Info: PDF/A mode OFF on input line 6325.
LaTeX Info: Redefining \ref on input line 6365.
LaTeX Info: Redefining \pageref on input line 6369.
\Hy@abspage=\count99
\c@Item=\count100
\c@Hfootnote=\count101
)

Package hyperref Message: Driver (autodetected): hpdftex.


("C:\Users\whmei\AppData\Local\Programs\MiKTeX 2.9\tex\latex\hyperref\hpdftex.d
ef"
File: hpdftex.def 2012/11/06 v6.83m Hyperref driver for pdfTeX
\Fld@listcount=\count102
\c@bookmark@seq@number=\count103

("C:\Users\whmei\AppData\Local\Programs\MiKTeX 2.9\tex\latex\oberdiek\rerunfile
check.sty"
Package: rerunfilecheck 2011/04/15 v1.7 Rerun checks for auxiliary files (HO)
Package uniquecounter Info: New unique counter `rerunfilecheck' on input line 2
82.
)
\Hy@SectionHShift=\skip47
)
("C:\Users\whmei\AppData\Local\Programs\MiKTeX 2.9\tex\latex\tools\verbatim.sty
"
Package: verbatim 2014/10/28 v1.5q LaTeX2e package for verbatim enhancements
\every@verbatim=\toks16
\verbatim@line=\toks17
\verbatim@in@stream=\read1
)
Package hyperref Info: Option `colorlinks' set `true' on input line 19.
 (document.aux)
\openout1 = `document.aux'.

LaTeX Font Info:    Checking defaults for OML/cmm/m/it on input line 25.
LaTeX Font Info:    ... okay on input line 25.
LaTeX Font Info:    Checking defaults for T1/cmr/m/n on input line 25.
LaTeX Font Info:    ... okay on input line 25.
LaTeX Font Info:    Checking defaults for OT1/cmr/m/n on input line 25.
LaTeX Font Info:    ... okay on input line 25.
LaTeX Font Info:    Checking defaults for OMS/cmsy/m/n on input line 25.
LaTeX Font Info:    ... okay on input line 25.
LaTeX Font Info:    Checking defaults for OMX/cmex/m/n on input line 25.
LaTeX Font Info:    ... okay on input line 25.
LaTeX Font Info:    Checking defaults for U/cmr/m/n on input line 25.
LaTeX Font Info:    ... okay on input line 25.
LaTeX Font Info:    Checking defaults for PD1/pdf/m/n on input line 25.
LaTeX Font Info:    ... okay on input line 25.

("C:\Users\whmei\AppData\Local\Programs\MiKTeX 2.9\tex\context\base\supp-pdf.mk
ii"
[Loading MPS to PDF converter (version 2006.09.02).]
\scratchcounter=\count104
\scratchdimen=\dimen110
\scratchbox=\box30
\nofMPsegments=\count105
\nofMParguments=\count106
\everyMPshowfont=\toks18
\MPscratchCnt=\count107
\MPscratchDim=\dimen111
\MPnumerator=\count108
\makeMPintoPDFobject=\count109
\everyMPtoPDFconversion=\toks19
)
\AtBeginShipoutBox=\box31

("C:\Users\whmei\AppData\Local\Programs\MiKTeX 2.9\tex\latex\graphics\color.sty
"
Package: color 2014/10/28 v1.1a Standard LaTeX Color (DPC)

("C:\Users\whmei\AppData\Local\Programs\MiKTeX 2.9\tex\latex\00miktex\color.cfg
"
File: color.cfg 2007/01/18 v1.5 color configuration of teTeX/TeXLive
)
Package color Info: Driver file: pdftex.def on input line 142.
)
Package hyperref Info: Link coloring ON on input line 25.

("C:\Users\whmei\AppData\Local\Programs\MiKTeX 2.9\tex\latex\hyperref\nameref.s
ty"
Package: nameref 2012/10/27 v2.43 Cross-referencing by name of section

("C:\Users\whmei\AppData\Local\Programs\MiKTeX 2.9\tex\generic\oberdiek\gettitl
estring.sty"
Package: gettitlestring 2010/12/03 v1.4 Cleanup title references (HO)
)
\c@section@level=\count110
)
LaTeX Info: Redefining \ref on input line 25.
LaTeX Info: Redefining \pageref on input line 25.
LaTeX Info: Redefining \nameref on input line 25.
 (document.out) (document.out)
\@outlinefile=\write4
\openout4 = `document.out'.


<./up-logo.jpg, id=35, 221.8689pt x 163.5711pt>
File: ./up-logo.jpg Graphic file (type jpg)
 <use ./up-logo.jpg>
Package pdftex.def Info: ./up-logo.jpg used on input line 33.
(pdftex.def)             Requested size: 446.9055pt x 329.51248pt.
LaTeX Font Info:    External font `cmex10' loaded for size
(Font)              <12> on input line 46.
LaTeX Font Info:    External font `cmex10' loaded for size
(Font)              <8> on input line 46.
LaTeX Font Info:    External font `cmex10' loaded for size
(Font)              <6> on input line 46.
 [1

{C:/Users/whmei/AppData/Local/MiKTeX/2.9/pdftex/config/pdftex.map} <./up-logo.j
pg>]pdfTeX warning (ext4): destination with the same identifier (name{page.1}) 
has been already used, duplicate ignored
<to be read again> 
                   \relax 
l.138 \newpage
               [1] [2] [3] [4] [5]
LaTeX Font Info:    Try loading font information for OMS+cmr on input line 157.


("C:\Users\whmei\AppData\Local\Programs\MiKTeX 2.9\tex\latex\base\omscmr.fd"
File: omscmr.fd 2014/09/29 v2.5h Standard LaTeX font definitions
)
LaTeX Font Info:    Font shape `OMS/cmr/m/n' in size <12> not available
(Font)              Font shape `OMS/cmsy/m/n' tried instead on input line 157.

Overfull \hbox (19.95631pt too wide) in paragraph at lines 180--181
[]\OT1/cmr/m/n/12 There should be an in-di-ca-tion of progress on re-search pro
jects (progress bar/precentage
 []

[6] [7] [8] [9] [10] [11] <uc__registerUser.jpg, id=97, 887.315pt x 542.025pt>
File: uc__registerUser.jpg Graphic file (type jpg)

<use uc__registerUser.jpg>
Package pdftex.def Info: uc__registerUser.jpg used on input line 421.
(pdftex.def)             Requested size: 443.65642pt x 271.01183pt.

<uc__registerSuperuser.jpg, id=98, 877.2775pt x 509.905pt>
File: uc__registerSuperuser.jpg Graphic file (type jpg)

<use uc__registerSuperuser.jpg>
Package pdftex.def Info: uc__registerSuperuser.jpg used on input line 425.
(pdftex.def)             Requested size: 438.63768pt x 254.95187pt.

<uc__uploadDocument.jpg, id=99, 888.31876pt x 509.905pt>
File: uc__uploadDocument.jpg Graphic file (type jpg)

<use uc__uploadDocument.jpg>
Package pdftex.def Info: uc__uploadDocument.jpg used on input line 432.
(pdftex.def)             Requested size: 444.1583pt x 254.95187pt.

<uc__editAuthors.jpg, id=100, 877.2775pt x 509.905pt>
File: uc__editAuthors.jpg Graphic file (type jpg)

<use uc__editAuthors.jpg>
Package pdftex.def Info: uc__editAuthors.jpg used on input line 439.
(pdftex.def)             Requested size: 438.63768pt x 254.95187pt.

<uc__setDeadline.jpg, id=101, 877.2775pt x 509.905pt>
File: uc__setDeadline.jpg Graphic file (type jpg)

<use uc__setDeadline.jpg>
Package pdftex.def Info: uc__setDeadline.jpg used on input line 443.
(pdftex.def)             Requested size: 438.63768pt x 254.95187pt.

<uc__validate_primary_authorship__terminateRevivePaper.jpg, id=102, 909.3975pt 
x 522.95375pt>
File: uc__validate_primary_authorship__terminateRevivePaper.jpg Graphic file (t
ype jpg)
 <use uc__validate_primary_authorship__terminateRevivePaper.jpg>
Package pdftex.def Info: uc__validate_primary_authorship__terminateRevivePaper.
jpg used on input line 448.
(pdftex.def)             Requested size: 454.69765pt x 261.47623pt.

Overfull \hbox (7.79214pt too wide) in paragraph at lines 448--449
[][] 
 []


<uc__notify_co-authors_of_change__editPaperDetails.jpg, id=103, 881.2925pt x 50
9.905pt>
File: uc__notify_co-authors_of_change__editPaperDetails.jpg Graphic file (type 
jpg)
 <use uc__notify_co-authors_of_change__editPaperDetails.jpg>
Package pdftex.def Info: uc__notify_co-authors_of_change__editPaperDetails.jpg 
used on input line 452.
(pdftex.def)             Requested size: 440.64517pt x 254.95187pt.

<uc__changeUserPaperCount.jpg, id=104, 877.2775pt x 509.905pt>
File: uc__changeUserPaperCount.jpg Graphic file (type jpg)

<use uc__changeUserPaperCount.jpg>
Package pdftex.def Info: uc__changeUserPaperCount.jpg used on input line 458.
(pdftex.def)             Requested size: 438.63768pt x 254.95187pt.

<uc__editHistory.jpg, id=105, 877.2775pt x 509.905pt>
File: uc__editHistory.jpg Graphic file (type jpg)

<use uc__editHistory.jpg>
Package pdftex.def Info: uc__editHistory.jpg used on input line 462.
(pdftex.def)             Requested size: 438.63768pt x 254.95187pt.

<uc__addCoAuthor.jpg, id=106, 877.2775pt x 509.905pt>
File: uc__addCoAuthor.jpg Graphic file (type jpg)

<use uc__addCoAuthor.jpg>
Package pdftex.def Info: uc__addCoAuthor.jpg used on input line 468.
(pdftex.def)             Requested size: 438.63768pt x 254.95187pt.

<uc__markAsAdministrator.jpg, id=107, 877.2775pt x 509.905pt>
File: uc__markAsAdministrator.jpg Graphic file (type jpg)

<use uc__markAsAdministrator.jpg>
Package pdftex.def Info: uc__markAsAdministrator.jpg used on input line 476.
(pdftex.def)             Requested size: 438.63768pt x 254.95187pt.

<uc__checkPaperProgress.jpg, id=108, 877.2775pt x 509.905pt>
File: uc__checkPaperProgress.jpg Graphic file (type jpg)

<use uc__checkPaperProgress.jpg>
Package pdftex.def Info: uc__checkPaperProgress.jpg used on input line 480.
(pdftex.def)             Requested size: 438.63768pt x 254.95187pt.

<uc__searchUsers.jpg, id=109, 877.2775pt x 509.905pt>
File: uc__searchUsers.jpg Graphic file (type jpg)

<use uc__searchUsers.jpg>
Package pdftex.def Info: uc__searchUsers.jpg used on input line 487.
(pdftex.def)             Requested size: 438.63768pt x 254.95187pt.

<act__registerUser__registerUser.jpg, id=110, 877.2775pt x 509.905pt>
File: act__registerUser__registerUser.jpg Graphic file (type jpg)

<use act__registerUser__registerUser.jpg>
Package pdftex.def Info: act__registerUser__registerUser.jpg used on input line
 494.
(pdftex.def)             Requested size: 438.63768pt x 254.95187pt.

<act__registerSuperuser__setDeadline.jpg, id=111, 897.3525pt x 509.905pt>
File: act__registerSuperuser__setDeadline.jpg Graphic file (type jpg)

<use act__registerSuperuser__setDeadline.jpg>
Package pdftex.def Info: act__registerSuperuser__setDeadline.jpg used on input 
line 498.
(pdftex.def)             Requested size: 448.67514pt x 254.95187pt.

Overfull \hbox (1.76964pt too wide) in paragraph at lines 498--499
[][] 
 []

<act__uploadDocument.jpg, id=112, 877.2775pt x 509.905pt>
File: act__uploadDocument.jpg Graphic file (type jpg)

<use act__uploadDocument.jpg>
Package pdftex.def Info: act__uploadDocument.jpg used on input line 506.
(pdftex.def)             Requested size: 438.63768pt x 254.95187pt.

<act__editAuthors__editAuthors.jpg, id=113, 887.315pt x 542.025pt>
File: act__editAuthors__editAuthors.jpg Graphic file (type jpg)

<use act__editAuthors__editAuthors.jpg>
Package pdftex.def Info: act__editAuthors__editAuthors.jpg used on input line 5
13.
(pdftex.def)             Requested size: 443.65642pt x 271.01183pt.

<setDeadline.jpg, id=114, 897.3525pt x 509.905pt>
File: setDeadline.jpg Graphic file (type jpg)
 <use setDeadline.jpg>
Package pdftex.def Info: setDeadline.jpg used on input line 517.
(pdftex.def)             Requested size: 448.67514pt x 254.95187pt.

Overfull \hbox (1.76964pt too wide) in paragraph at lines 517--518
[][] 
 []


<act__terminateRevivePaper__terminateRevivePaper.jpg, id=115, 877.2775pt x 509.
905pt>
File: act__terminateRevivePaper__terminateRevivePaper.jpg Graphic file (type jp
g)
 <use act__terminateRevivePaper__terminateRevivePaper.jpg>
Package pdftex.def Info: act__terminateRevivePaper__terminateRevivePaper.jpg us
ed on input line 522.
(pdftex.def)             Requested size: 438.63768pt x 254.95187pt.

<act__editPaperDetails__editPaperDetails.jpg, id=116, 877.2775pt x 509.905pt>
File: act__editPaperDetails__editPaperDetails.jpg Graphic file (type jpg)

<use act__editPaperDetails__editPaperDetails.jpg>
Package pdftex.def Info: act__editPaperDetails__editPaperDetails.jpg used on in
put line 526.
(pdftex.def)             Requested size: 438.63768pt x 254.95187pt.

<act__changeUserPaperCount__changeUserPaperCount.jpg, id=117, 877.2775pt x 509.
905pt>
File: act__changeUserPaperCount__changeUserPaperCount.jpg Graphic file (type jp
g)
 <use act__changeUserPaperCount__changeUserPaperCount.jpg>
Package pdftex.def Info: act__changeUserPaperCount__changeUserPaperCount.jpg us
ed on input line 532.
(pdftex.def)             Requested size: 438.63768pt x 254.95187pt.

<act__editHistory__editHistory.jpg, id=118, 877.2775pt x 509.905pt>
File: act__editHistory__editHistory.jpg Graphic file (type jpg)

<use act__editHistory__editHistory.jpg>
Package pdftex.def Info: act__editHistory__editHistory.jpg used on input line 5
36.
(pdftex.def)             Requested size: 438.63768pt x 254.95187pt.

<act__addCoAuthor__addCoAuthor.jpg, id=119, 877.2775pt x 509.905pt>
File: act__addCoAuthor__addCoAuthor.jpg Graphic file (type jpg)

<use act__addCoAuthor__addCoAuthor.jpg>
Package pdftex.def Info: act__addCoAuthor__addCoAuthor.jpg used on input line 5
42.
(pdftex.def)             Requested size: 438.63768pt x 254.95187pt.

<act__markAsAdministrator__markAsAdministrator.jpg, id=120, 918.43124pt x 509.9
05pt>
File: act__markAsAdministrator__markAsAdministrator.jpg Graphic file (type jpg)

 <use act__markAsAdministrator__markAsAdministrator.jpg>
Package pdftex.def Info: act__markAsAdministrator__markAsAdministrator.jpg used
 on input line 550.
(pdftex.def)             Requested size: 459.2145pt x 254.95187pt.

Overfull \hbox (12.30899pt too wide) in paragraph at lines 550--551
[] 
 []


<act__checkPaperProgress__checkPaperProgress.jpg, id=121, 877.2775pt x 509.905p
t>
File: act__checkPaperProgress__checkPaperProgress.jpg Graphic file (type jpg)
 <use act__checkPaperProgress__checkPaperProgress.jpg>
Package pdftex.def Info: act__checkPaperProgress__checkPaperProgress.jpg used o
n input line 554.
(pdftex.def)             Requested size: 438.63768pt x 254.95187pt.

<act__searchUsers__searchUsers.jpg, id=122, 877.2775pt x 509.905pt>
File: act__searchUsers__searchUsers.jpg Graphic file (type jpg)

<use act__searchUsers__searchUsers.jpg>
Package pdftex.def Info: act__searchUsers__searchUsers.jpg used on input line 5
61.
(pdftex.def)             Requested size: 438.63768pt x 254.95187pt.
Package atveryend Info: Empty hook `BeforeClearDocument' on input line 570.
 [12] [13 <./uc__registerUser.jpg> <./uc__registerSuperuser.jpg>] [14 <./uc__up
loadDocument.jpg>] [15 <./uc__editAuthors.jpg> <./uc__setDeadline.jpg>] [16 <./
uc__validate_primary_authorship__terminateRevivePaper.jpg> <./uc__notify_co-aut
hors_of_change__editPaperDetails.jpg>]
[17 <./uc__changeUserPaperCount.jpg> <./uc__editHistory.jpg>] [18 <./uc__addCoA
uthor.jpg>] [19 <./uc__markAsAdministrator.jpg> <./uc__checkPaperProgress.jpg>]
[20 <./uc__searchUsers.jpg>] [21 <./act__registerUser__registerUser.jpg> <./act
__registerSuperuser__setDeadline.jpg>] [22 <./act__uploadDocument.jpg>]
[23 <./act__editAuthors__editAuthors.jpg> <./setDeadline.jpg>] [24 <./act__term
inateRevivePaper__terminateRevivePaper.jpg> <./act__editPaperDetails__editPaper
Details.jpg>] [25 <./act__changeUserPaperCount__changeUserPaperCount.jpg> <./ac
t__editHistory__editHistory.jpg>] [26 <./act__addCoAuthor__addCoAuthor.jpg>]
[27 <./act__markAsAdministrator__markAsAdministrator.jpg> <./act__checkPaperPro
gress__checkPaperProgress.jpg>] [28 <./act__searchUsers__searchUsers.jpg>]
Package atveryend Info: Empty hook `AfterLastShipout' on input line 570.

(document.aux)
Package atveryend Info: Executing hook `AtVeryEndDocument' on input line 570.
Package atveryend Info: Executing hook `AtEndAfterFileList' on input line 570.


Package rerunfilecheck Warning: File `document.out' has changed.
(rerunfilecheck)                Rerun to get outlines right
(rerunfilecheck)                or use package `bookmark'.

Package rerunfilecheck Info: Checksums for `document.out':
(rerunfilecheck)             Before: 6E69A3BB6C8700361C333F8168A613CD;494
(rerunfilecheck)             After:  16F30EB97091B2F21D6F9C4918AAC77F;647.
Package atveryend Info: Empty hook `AtVeryVeryEnd' on input line 570.
 ) 
Here is how much of TeX's memory you used:
 5365 strings out of 493634
 82864 string characters out of 3135239
 165015 words of memory out of 3000000
 8625 multiletter control sequences out of 15000+200000
 9750 words of font info for 34 fonts, out of 3000000 for 9000
 1025 hyphenation exceptions out of 8191
 29i,7n,28p,242b,440s stack positions out of 5000i,500n,10000p,200000b,50000s
<C:/Users/whmei/AppData/Local/Programs/MiKTeX 2.9/fonts/type1/public/amsfonts
/cm/cmbx12.pfb><C:/Users/whmei/AppData/Local/Programs/MiKTeX 2.9/fonts/type1/pu
blic/amsfonts/cm/cmcsc10.pfb><C:/Users/whmei/AppData/Local/Programs/MiKTeX 2.9/
fonts/type1/public/amsfonts/cm/cmr12.pfb><C:/Users/whmei/AppData/Local/Programs
/MiKTeX 2.9/fonts/type1/public/amsfonts/cm/cmsy10.pfb><C:/Users/whmei/AppData/L
ocal/Programs/MiKTeX 2.9/fonts/type1/public/amsfonts/cm/cmti12.pfb>
Output written on document.pdf (29 pages, 2447895 bytes).
PDF statistics:
 264 PDF objects out of 1000 (max. 8388607)
 77 named destinations out of 1000 (max. 500000)
 200 words of extra memory for PDF output out of 10000 (max. 10000000)

